<?xml version="1.0" encoding="UTF-8"?>
<!-- Generated by org.testng.reporters.JUnitReportReporter -->
<testsuite skipped="0" hostname="LAPTOP-75G6PTHA" name="headlessBrowser.phantomjs" tests="1" failures="0" timestamp="04 Apr 2021 07:00:46 GMT" time="13.085" errors="0">
  <testcase name="main" time="13.085" classname="headlessBrowser.phantomjs"/>
</testsuite> <!-- headlessBrowser.phantomjs -->
